<?xml version="1.0" encoding="UTF-8"?>
<testsuite xmlns:xsi="http://www.w3.org/2001/XMLSchema-instance" xsi:noNamespaceSchemaLocation="https://maven.apache.org/surefire/maven-surefire-plugin/xsd/surefire-test-report.xsd" name="com.webpage.controller.HealthControllerTest" time="1.305" tests="5" errors="0" skipped="0" failures="0">
  <properties>
[...]
</properties>
  <testcase name="healthEndpointReturnsOk" classname="com.webpage.controller.HealthControllerTest" time="0.205"/>
  <testcase name="articlesEndpointReturnsList" classname="com.webpage.controller.HealthControllerTest" time="0.015"/>
  <testcase name="profileEndpointReturnsData" classname="com.webpage.controller.HealthControllerTest" time="0.004"/>
  <testcase name="projectsEndpointReturnsList" classname="com.webpage.controller.HealthControllerTest" time="0.004"/>
  <testcase name="techstackEndpointReturnsList" classname="com.webpage.controller.HealthControllerTest" time="0.004"/>
</testsuite>